            --------------------------------------------------------
                             AMBER SQM VERSION 17
 
                                     By
              Ross C. Walker, Michael F. Crowley, Scott Brozell,
                         Tim Giese, Andreas W. Goetz,
                        Tai-Sung Lee and David A. Case
 
            --------------------------------------------------------
 

--------------------------------------------------------------------------------
  QM CALCULATION INFO
--------------------------------------------------------------------------------

| QMMM: Citation for AMBER QMMM Run:
| QMMM: R.C. Walker, M.F. Crowley and D.A. Case, J. COMP. CHEM. 29:1019, 2008

QMMM: SINGLET STATE CALCULATION
QMMM: RHF CALCULATION, NO. OF DOUBLY OCCUPIED LEVELS = 54

| QMMM: *** Selected Hamiltonian *** 
| QMMM: AM1         

| QMMM: *** Parameter sets in use ***
| QMMM: C : M.J.S.DEWAR et al. JACS, 107, 3902, (1985)
| QMMM: O : M.J.S.DEWAR et al. JACS, 107, 3902, (1985)
| QMMM: H : M.J.S.DEWAR et al. JACS, 107, 3902, (1985)

| QMMM: *** SCF convergence criteria ***
| QMMM: Energy change                :  0.1D-09 kcal/mol
| QMMM: Error matrix |FP-PF|         :  0.1D+00 au
| QMMM: Density matrix change        :  0.5D-06
| QMMM: Maximum number of SCF cycles :     1000

| QMMM: *** Diagonalization Routine Information ***
| QMMM: Pseudo diagonalizations are allowed.
| QMMM: Auto diagonalization routine selection is in use.
| QMMM:
| QMMM: Timing diagonalization routines:
| QMMM:                              norbs =      104
| QMMM:    diag iterations used for timing =       10
| QMMM:
| QMMM:              Internal diag routine = 0.022740 seconds
| QMMM:                 Dspev diag routine = 0.022544 seconds
| QMMM:                Dspevd diag routine = 0.014412 seconds
| QMMM:                Dspevx diag routine = 0.071435 seconds
| QMMM:                 Dsyev diag routine = 0.026329 seconds
| QMMM:                Dsyevd diag routine = 0.018259 seconds
| QMMM:                Dsyevr diag routine = 0.019147 seconds
| QMMM:
| QMMM:                Pseudo diag routine = 0.008968 seconds
| QMMM:
| QMMM: Using dspevd routine (diag_routine=3).

  QMMM: QM Region Cartesian Coordinates (*=link atom) 
  QMMM: QM_NO.   MM_NO.  ATOM         X         Y         Z
  QMMM:     1        1      C        0.1420    0.0010   -8.1900
  QMMM:     2        2      O       -0.4490   -0.0040   -9.3950
  QMMM:     3        3      O        1.3470    0.0140   -8.1090
  QMMM:     4        4      C       -0.6970   -0.0070   -6.9390
  QMMM:     5        5      C        0.2150    0.0020   -5.7110
  QMMM:     6        6      C       -0.6360   -0.0070   -4.4410
  QMMM:     7        7      C        0.2760    0.0030   -3.2140
  QMMM:     8        8      C       -0.5760   -0.0060   -1.9430
  QMMM:     9        9      C        0.3370    0.0030   -0.7160
  QMMM:    10       10      C       -0.5150   -0.0050    0.5530
  QMMM:    11       11      C        0.3980    0.0040    1.7810
  QMMM:    12       12      C       -0.4540   -0.0050    3.0510
  QMMM:    13       13      C        0.4590    0.0050    4.2790
  QMMM:    14       14      C       -0.3930   -0.0040    5.5490
  QMMM:    15       15      C        0.5200    0.0050    6.7760
  QMMM:    16       16      C       -0.3320   -0.0030    8.0470
  QMMM:    17       17      C        0.5800    0.0060    9.2740
  QMMM:    18       18      C       -0.2710   -0.0030   10.5440
  QMMM:    19       19      H        0.0890    0.0010  -10.1980
  QMMM:    20       20      H       -1.3170   -0.9040   -6.9230
  QMMM:    21       21      H       -1.3360    0.8750   -6.9230
  QMMM:    22       22      H        0.8350    0.8990   -5.7270
  QMMM:    23       23      H        0.8540   -0.8800   -5.7270
  QMMM:    24       24      H       -1.2560   -0.9030   -4.4260
  QMMM:    25       25      H       -1.2750    0.8760   -4.4260
  QMMM:    26       26      H        0.8960    0.8990   -3.2290
  QMMM:    27       27      H        0.9150   -0.8800   -3.2290
  QMMM:    28       28      H       -1.1950   -0.9030   -1.9280
  QMMM:    29       29      H       -1.2140    0.8760   -1.9280
  QMMM:    30       30      H        0.9560    0.9000   -0.7310
  QMMM:    31       31      H        0.9760   -0.8790   -0.7310
  QMMM:    32       32      H       -1.1340   -0.9020    0.5690
  QMMM:    33       33      H       -1.1540    0.8770    0.5690
  QMMM:    34       34      H        1.0170    0.9010    1.7660
  QMMM:    35       35      H        1.0370   -0.8780    1.7660
  QMMM:    36       36      H       -1.0730   -0.9010    3.0670
  QMMM:    37       37      H       -1.0930    0.8780    3.0670
  QMMM:    38       38      H        1.0780    0.9010    4.2630
  QMMM:    39       39      H        1.0980   -0.8780    4.2630
  QMMM:    40       40      H       -1.0120   -0.9010    5.5640
  QMMM:    41       41      H       -1.0320    0.8780    5.5640
  QMMM:    42       42      H        1.1390    0.9020    6.7610
  QMMM:    43       43      H        1.1580   -0.8770    6.7610
  QMMM:    44       44      H       -0.9520   -0.9000    8.0620
  QMMM:    45       45      H       -0.9710    0.8790    8.0620
  QMMM:    46       46      H        1.2000    0.9030    9.2590
  QMMM:    47       47      H        1.2190   -0.8760    9.2590
  QMMM:    48       48      H        0.3790    0.0040   11.4190
  QMMM:    49       49      H       -0.9100    0.8800   10.5600
  QMMM:    50       50      H       -0.8910   -0.8990   10.5600

--------------------------------------------------------------------------------
  RESULTS
--------------------------------------------------------------------------------

      iter         sqm energy              rms gradient
      ----    -------------------    -----------------------
xmin    10     -198.3336 kcal/mol        0.0493 kcal/(mol*A)
xmin    20     -198.3376 kcal/mol        0.0117 kcal/(mol*A)
xmin    30     -198.3378 kcal/mol        0.0057 kcal/(mol*A)
xmin    40     -198.3379 kcal/mol        0.0009 kcal/(mol*A)
  ... geometry converged !
 
 Final MO eigenvalues (eV):
 -40.7475  -38.2325  -37.5977  -36.6800  -36.3425  -35.0817  -33.4031  -31.5042
 -29.4680  -27.3854  -25.3749  -23.5902  -22.2102  -21.9295  -21.6996  -21.3276
 -21.2231  -21.0457  -18.8251  -17.3547  -17.3237  -17.0443  -16.6423  -16.1085
 -15.4741  -15.2804  -15.1102  -14.8488  -14.7767  -14.6345  -14.1512  -14.0644
 -13.9381  -13.5498  -13.3797  -13.0152  -12.8428  -12.7544  -12.5194  -12.3593
 -12.2097  -12.1840  -11.9787  -11.8538  -11.7924  -11.7617  -11.6684  -11.5157
 -11.4745  -11.3334  -11.2108  -11.1345  -11.0944  -11.0808    1.0274    2.2450
   3.3976    3.4230    3.5657    3.6079    3.6854    3.7324    3.7912    3.9007
   3.9231    4.0512    4.0753    4.1162    4.1980    4.2428    4.2742    4.3102
   4.4087    4.4176    4.4600    4.4893    4.5784    4.5815    4.6259    4.6586
   4.6878    4.7363    4.7669    4.8142    4.8541    4.8772    4.8845    4.9673
   5.0244    5.0261    5.0576    5.1170    5.1264    5.1522    5.1857    5.2347
   5.2433    5.2629    5.2693    5.2783    5.3242    5.3511    5.3787    6.6518


 Heat of formation   =       -198.33790181 kcal/mol  (       -8.60057681 eV)

 Total SCF energy    =     -72286.24646770 kcal/mol  (    -3134.56686474 eV)
 Electronic energy   =    -454130.43983246 kcal/mol  (   -19692.57360186 eV)
 Core-core repulsion =     381844.19336476 kcal/mol  (    16558.00673712 eV)
 
    Atomic Charges for Step       1 :
  Atom    Element       Mulliken Charge
     1      C                  0.305
     2      O                 -0.323
     3      O                 -0.361
     4      C                 -0.155
     5      C                 -0.158
     6      C                 -0.158
     7      C                 -0.157
     8      C                 -0.158
     9      C                 -0.158
    10      C                 -0.157
    11      C                 -0.158
    12      C                 -0.158
    13      C                 -0.158
    14      C                 -0.157
    15      C                 -0.158
    16      C                 -0.158
    17      C                 -0.159
    18      C                 -0.210
    19      H                  0.243
    20      H                  0.120
    21      H                  0.120
    22      H                  0.098
    23      H                  0.098
    24      H                  0.080
    25      H                  0.080
    26      H                  0.082
    27      H                  0.082
    28      H                  0.079
    29      H                  0.079
    30      H                  0.080
    31      H                  0.080
    32      H                  0.079
    33      H                  0.079
    34      H                  0.079
    35      H                  0.079
    36      H                  0.079
    37      H                  0.079
    38      H                  0.079
    39      H                  0.079
    40      H                  0.079
    41      H                  0.079
    42      H                  0.079
    43      H                  0.079
    44      H                  0.079
    45      H                  0.079
    46      H                  0.078
    47      H                  0.078
    48      H                  0.072
    49      H                  0.072
    50      H                  0.072
 Total Mulliken Charge =      -0.000
 
                  X        Y        Z     TOTAL  
  QM DIPOLE    -1.608   -0.023    0.960    1.873
 
 Final Structure

  QMMM: QM Region Cartesian Coordinates (*=link atom) 
  QMMM: QM_NO.   MM_NO.  ATOM         X         Y         Z
  QMMM:     1        1      C        0.1509    0.0034   -8.1914
  QMMM:     2        2      O       -0.6093   -0.0095   -9.3255
  QMMM:     3        3      O        1.3742    0.0215   -8.3513
  QMMM:     4        4      C       -0.6559   -0.0069   -6.9344
  QMMM:     5        5      C        0.2308    0.0029   -5.7080
  QMMM:     6        6      C       -0.6009   -0.0066   -4.4437
  QMMM:     7        7      C        0.2806    0.0032   -3.2131
  QMMM:     8        8      C       -0.5473   -0.0064   -1.9460
  QMMM:     9        9      C        0.3338    0.0035   -0.7152
  QMMM:    10       10      C       -0.4933   -0.0059    0.5524
  QMMM:    11       11      C        0.3877    0.0040    1.7832
  QMMM:    12       12      C       -0.4392   -0.0052    3.0509
  QMMM:    13       13      C        0.4418    0.0047    4.2817
  QMMM:    14       14      C       -0.3850   -0.0044    5.5495
  QMMM:    15       15      C        0.4960    0.0055    6.7803
  QMMM:    16       16      C       -0.3306   -0.0036    8.0481
  QMMM:    17       17      C        0.5494    0.0062    9.2800
  QMMM:    18       18      C       -0.2694   -0.0028   10.5449
  QMMM:    19       19      H       -0.0310   -0.0019  -10.1057
  QMMM:    20       20      H       -1.3099   -0.9198   -6.9421
  QMMM:    21       21      H       -1.3309    0.8907   -6.9412
  QMMM:    22       22      H        0.8889    0.9114   -5.7285
  QMMM:    23       23      H        0.9090   -0.8908   -5.7287
  QMMM:    24       24      H       -1.2567   -0.9169   -4.4294
  QMMM:    25       25      H       -1.2769    0.8889   -4.4292
  QMMM:    26       26      H        0.9366    0.9133   -3.2277
  QMMM:    27       27      H        0.9570   -0.8919   -3.2279
  QMMM:    28       28      H       -1.2032   -0.9165   -1.9316
  QMMM:    29       29      H       -1.2237    0.8887   -1.9314
  QMMM:    30       30      H        0.9898    0.9136   -0.7296
  QMMM:    31       31      H        1.0102   -0.8915   -0.7297
  QMMM:    32       32      H       -1.1493   -0.9160    0.5668
  QMMM:    33       33      H       -1.1698    0.8891    0.5669
  QMMM:    34       34      H        1.0439    0.9140    1.7687
  QMMM:    35       35      H        1.0641   -0.8911    1.7688
  QMMM:    36       36      H       -1.0953   -0.9152    3.0654
  QMMM:    37       37      H       -1.1155    0.8898    3.0654
  QMMM:    38       38      H        1.0981    0.9146    4.2672
  QMMM:    39       39      H        1.1181   -0.8904    4.2673
  QMMM:    40       40      H       -1.0412   -0.9143    5.5641
  QMMM:    41       41      H       -1.0613    0.8907    5.5639
  QMMM:    42       42      H        1.1523    0.9153    6.7657
  QMMM:    43       43      H        1.1723   -0.8897    6.7658
  QMMM:    44       44      H       -0.9869   -0.9134    8.0631
  QMMM:    45       45      H       -1.0068    0.8915    8.0630
  QMMM:    46       46      H        1.2061    0.9160    9.2626
  QMMM:    47       47      H        1.2261   -0.8889    9.2626
  QMMM:    48       48      H        0.3984    0.0046   11.4399
  QMMM:    49       49      H       -0.9323    0.8948   10.5920
  QMMM:    50       50      H       -0.9123   -0.9149   10.5921

           --------- Calculation Completed ----------

